<?xml version="1.0" encoding="UTF-8"?>
<!-- Generated by org.testng.reporters.JUnitReportReporter -->
<testsuite hostname="DESKTOP-2STG0VN" failures="0" tests="1" name="com.crm.qa.testcases.LandingPageTest" time="10.934" errors="0" timestamp="2022-09-19T02:55:52 EDT" skipped="0">
  <testcase classname="com.crm.qa.testcases.LandingPageTest" name="verifyTitle" time="10.934"/>
  <system-out/>
</testsuite> <!-- com.crm.qa.testcases.LandingPageTest -->
