<?xml version="1.0" encoding="UTF-8"?>
<!-- Generated by org.testng.reporters.JUnitReportReporter -->
<testsuite hostname="DESKTOP-2STG0VN" failures="0" tests="1" name="com.crm.qa.base.TestBase" time="0.022" errors="0" timestamp="2022-09-19T01:57:46 EDT" skipped="0">
  <testcase classname="com.crm.qa.base.TestBase" name="TestBase1" time="0.022"/>
  <system-out/>
</testsuite> <!-- com.crm.qa.base.TestBase -->
