<?xml version="1.0" encoding="UTF-8"?>
<!-- Generated by org.testng.reporters.JUnitReportReporter -->
<testsuite hostname="DESKTOP-2STG0VN" failures="0" tests="3" name="com.crm.qa.testcases.ContactsPageTest" time="49.254" errors="0" timestamp="2022-09-21T18:19:01 EDT" skipped="0">
  <testcase classname="com.crm.qa.testcases.ContactsPageTest" name="enterVariousEntries" time="15.121"/>
  <system-out/>
  <testcase classname="com.crm.qa.testcases.ContactsPageTest" name="enterVariousEntries" time="15.113"/>
  <system-out/>
  <testcase classname="com.crm.qa.testcases.ContactsPageTest" name="enterVariousEntries" time="19.020"/>
  <system-out/>
</testsuite> <!-- com.crm.qa.testcases.ContactsPageTest -->
