<?xml version="1.0" encoding="UTF-8"?>
<!-- Generated by org.testng.reporters.JUnitReportReporter -->
<testsuite hostname="DESKTOP-2STG0VN" failures="0" tests="1" name="com.crm.qa.testcases.HomePageTestcases" time="12.404" errors="0" timestamp="2022-09-20T05:10:43 EDT" skipped="0">
  <testcase classname="com.crm.qa.testcases.HomePageTestcases" name="verifyUser" time="12.404"/>
  <system-out/>
</testsuite> <!-- com.crm.qa.testcases.HomePageTestcases -->
