<?xml version="1.0" encoding="UTF-8"?>
<!-- Generated by org.testng.reporters.JUnitReportReporter -->
<testsuite hostname="DESKTOP-2STG0VN" failures="0" tests="6" name="com.crm.qa.testcases.ContactsPageTest" time="118.905" errors="0" timestamp="2022-09-21T22:49:29 EDT" skipped="0">
  <testcase classname="com.crm.qa.testcases.ContactsPageTest" name="enterVariousEntries" time="28.707"/>
  <system-out/>
  <testcase classname="com.crm.qa.testcases.ContactsPageTest" name="enterVariousEntries" time="21.292"/>
  <system-out/>
  <testcase classname="com.crm.qa.testcases.ContactsPageTest" name="enterVariousEntries" time="22.243"/>
  <system-out/>
  <testcase classname="com.crm.qa.testcases.ContactsPageTest" name="contactLinkTest" time="13.345"/>
  <system-out/>
  <testcase classname="com.crm.qa.testcases.ContactsPageTest" name="selectingContactByName" time="16.112"/>
  <system-out/>
  <testcase classname="com.crm.qa.testcases.ContactsPageTest" name="selectingContactMultipleNames" time="17.206"/>
  <system-out/>
</testsuite> <!-- com.crm.qa.testcases.ContactsPageTest -->
