<?xml version="1.0" encoding="UTF-8"?>
<!-- Generated by org.testng.reporters.JUnitReportReporter -->
<testsuite hostname="DESKTOP-2STG0VN" failures="0" tests="3" name="com.crm.qa.testcases.HomePageTestcases" time="47.132" errors="0" timestamp="2022-09-25T05:18:26 EDT" skipped="0">
  <testcase classname="com.crm.qa.testcases.HomePageTestcases" name="verifyHomePageTitle" time="10.575"/>
  <system-out/>
  <testcase classname="com.crm.qa.testcases.HomePageTestcases" name="hover" time="25.897"/>
  <system-out/>
  <testcase classname="com.crm.qa.testcases.HomePageTestcases" name="verifyUser" time="10.660"/>
  <system-out/>
</testsuite> <!-- com.crm.qa.testcases.HomePageTestcases -->
