<?xml version="1.0" encoding="UTF-8"?>
<!-- Generated by org.testng.reporters.JUnitReportReporter -->
<testsuite hostname="DESKTOP-2STG0VN" failures="0" tests="3" name="com.crm.qa.testcases.HomePageTestcases" time="50.464" errors="0" timestamp="2022-09-25T02:44:41 EDT" skipped="0">
  <testcase classname="com.crm.qa.testcases.HomePageTestcases" name="verifyHomePageTitle" time="18.963"/>
  <system-out/>
  <testcase classname="com.crm.qa.testcases.HomePageTestcases" name="hover" time="14.962"/>
  <system-out/>
  <testcase classname="com.crm.qa.testcases.HomePageTestcases" name="verifyUser" time="16.539"/>
  <system-out/>
</testsuite> <!-- com.crm.qa.testcases.HomePageTestcases -->
