<?xml version="1.0" encoding="UTF-8"?>
<!-- Generated by org.testng.reporters.JUnitReportReporter -->
<testsuite hostname="DESKTOP-2STG0VN" failures="0" tests="1" name="com.crm.qa.testcases.LoginPageTest" time="12.042" errors="0" timestamp="2022-09-21T22:49:29 EDT" skipped="0">
  <testcase classname="com.crm.qa.testcases.LoginPageTest" name="logginInTest" time="12.042"/>
  <system-out/>
</testsuite> <!-- com.crm.qa.testcases.LoginPageTest -->
